2021/05/23 20:23:12	This log contains information about the import schema operation into project 'Payroll.Data' on computer 'DESKTOP-S4SOV77' by user 'Kmala'.
2021/05/23 20:23:12	Import of database schema has started.
2021/05/23 20:23:16	Gathering database credentials
2021/05/23 20:23:16	Gathering database options
2021/05/23 20:23:16	Gathering users
2021/05/23 20:23:16	Gathering roles
2021/05/23 20:23:16	Gathering application roles
2021/05/23 20:23:16	Gathering role memberships
2021/05/23 20:23:16	Gathering filegroups
2021/05/23 20:23:16	Gathering full-text catalogs
2021/05/23 20:23:16	Gathering assemblies
2021/05/23 20:23:16	Gathering certificates
2021/05/23 20:23:16	Gathering asymmetric keys
2021/05/23 20:23:16	Gathering symmetric keys
2021/05/23 20:23:16	Gathering encrypted symmetric keys
2021/05/23 20:23:16	Gathering schemas
2021/05/23 20:23:16	Gathering XML schema collections
2021/05/23 20:23:16	Gathering user-defined data types
2021/05/23 20:23:16	Gathering user-defined types
2021/05/23 20:23:16	Gathering table types
2021/05/23 20:23:16	Gathering unique keys for table types
2021/05/23 20:23:16	Gathering primary keys for table types
2021/05/23 20:23:16	Gathering indexes for table types
2021/05/23 20:23:16	Gathering check constraints for table types
2021/05/23 20:23:16	Gathering default constraints for table types
2021/05/23 20:23:16	Gathering partition functions
2021/05/23 20:23:16	Gathering partition schemes
2021/05/23 20:23:16	Gathering functions
2021/05/23 20:23:16	Gathering encrypted functions
2021/05/23 20:23:16	Gathering aggregates
2021/05/23 20:23:16	Gathering procedures
2021/05/23 20:23:16	Gathering encrypted procedures
2021/05/23 20:23:16	Gathering tables
2021/05/23 20:23:16	Gathering primary keys
2021/05/23 20:23:16	Gathering unique constraints
2021/05/23 20:23:16	Gathering foreign keys
2021/05/23 20:23:16	Gathering default constraints
2021/05/23 20:23:16	Gathering check constraints
2021/05/23 20:23:16	Gathering views
2021/05/23 20:23:16	Gathering encrypted views
2021/05/23 20:23:16	Gathering indexes
2021/05/23 20:23:16	Gathering statistics
2021/05/23 20:23:16	Gathering full-text index stoplists
2021/05/23 20:23:16	Gathering search property lists
2021/05/23 20:23:16	Gathering search properties
2021/05/23 20:23:16	Gathering full-text indexes
2021/05/23 20:23:16	Gathering column store indexes
2021/05/23 20:23:16	Gathering spatial indexes
2021/05/23 20:23:16	Gathering XML indexes
2021/05/23 20:23:16	Gathering Selective XML indexes
2021/05/23 20:23:16	Gathering encrypted triggers
2021/05/23 20:23:16	Gathering triggers
2021/05/23 20:23:16	Gathering encrypted and clr ddl triggers
2021/05/23 20:23:16	Gathering ddl triggers
2021/05/23 20:23:16	Gathering synonyms
2021/05/23 20:23:16	Gathering defaults
2021/05/23 20:23:16	Gathering data constraint uddt bindings
2021/05/23 20:23:16	Gathering rules
2021/05/23 20:23:16	Gathering data constraint uddt bindings
2021/05/23 20:23:16	Gathering message types
2021/05/23 20:23:16	Gathering queues
2021/05/23 20:23:16	Gathering contracts
2021/05/23 20:23:16	Gathering services
2021/05/23 20:23:16	Gathering event notifications
2021/05/23 20:23:16	Gathering remote service bindings
2021/05/23 20:23:16	Gathering broker priorities
2021/05/23 20:23:16	Gathering signatures
2021/05/23 20:23:16	Gathering data compression options
2021/05/23 20:23:16	Gathering sequence types
2021/05/23 20:23:16	Gathering security policies
2021/05/23 20:23:16	Gather column encryption keys
2021/05/23 20:23:16	Gathering column master keys
2021/05/23 20:23:16	Gathering external data sources
2021/05/23 20:23:16	Gathering external file formats
2021/05/23 20:23:16	Gathering external tables
2021/05/23 20:23:16	Gathering extended properties
2021/05/23 20:23:20	Gathering credentials
2021/05/23 20:23:20	Gathering logins
2021/05/23 20:23:20	Gathering server audits
2021/05/23 20:23:20	Scanning project for duplicate elements
2021/05/23 20:23:20	Finished duplicate element processing
2021/05/23 20:23:20	Finished importing database.
2021/05/23 20:23:20	A summary of the import was saved to the following location: D:\Repos\Payroll\Payroll.Data\Import Schema Logs\Payroll.Data_20210523062312.log
2021/05/23 20:23:20	Click Finish to continue...
